-------------------------------------------------------------------------------
Test set: se.kth.iv1350.amazingpos.view.ViewTest
-------------------------------------------------------------------------------
Tests run: 1, Failures: 1, Errors: 0, Skipped: 0, Time elapsed: 0.008 sec <<< FAILURE!
se.kth.iv1350.amazingpos.view.ViewTest.testRunFakeExcution()  Time elapsed: 0.007 sec  <<< FAILURE!
java.lang.NullPointerException: Cannot invoke "se.kth.iv1350.amazingpos.view.View.runFakeExcution()" because "instance" is null
	at se.kth.iv1350.amazingpos.view.ViewTest.testRunFakeExcution(ViewTest.java:39)

