<?xml version="1.0" encoding="UTF-8" ?>
<testsuite tests="2" failures="0" name="se.kth.iv1350.amazingpos.integration.InventorySystemTest" time="0.01" errors="0" skipped="0">
  <properties>
[...]
</properties>
  <testcase classname="se.kth.iv1350.amazingpos.integration.InventorySystemTest" name="se.kth.iv1350.amazingpos.integration.InventorySystemTest.testMatchItemEqualNull" time="0.01"/>
  <testcase classname="se.kth.iv1350.amazingpos.integration.InventorySystemTest" name="se.kth.iv1350.amazingpos.integration.InventorySystemTest.testMatchItem" time="0"/>
</testsuite>